This is pdfTeX, Version 3.14159265-2.6-1.40.16 (TeX Live 2015/Debian) (preloaded format=pdflatex 2018.10.15)  7 AUG 2019 16:09
entering extended mode
 restricted \write18 enabled.
 %&-line parsing enabled.
**/home/vpreston/Documents/informative-path-planning/plumes/scripts/run_myopic_
sims.sh

(/home/vpreston/Documents/informative-path-planning/plumes/scripts/run_myopic_s
ims.sh
LaTeX2e <2016/02/01>
Babel <3.9q> and hyphenation patterns for 3 language(s) loaded.
! You can't use `macro parameter character #' in vertical mode.
l.1 #
     !/usr/bin/env bash
? 
! Emergency stop.
l.1 #
     !/usr/bin/env bash
End of file on the terminal!

 
Here is how much of TeX's memory you used:
 7 strings out of 494953
 363 string characters out of 6180976
 45171 words of memory out of 5000000
 3390 multiletter control sequences out of 15000+600000
 3640 words of font info for 14 fonts, out of 8000000 for 9000
 14 hyphenation exceptions out of 8191
 5i,0n,1p,106b,8s stack positions out of 5000i,500n,10000p,200000b,80000s
!  ==> Fatal error occurred, no output PDF file produced!
